API endpoint: http://127.0.0.1:8080
If you are using a library that supports the FIRESTORE_EMULATOR_HOST environment variable, run:

   export FIRESTORE_EMULATOR_HOST=127.0.0.1:8080

Dev App Server is now running.

May 07, 2021 2:45:18 PM io.gapi.emulators.netty.HttpVersionRoutingHandler channelRead
INFO: Detected non-HTTP/2 connection.
May 07, 2021 2:45:18 PM com.google.net.webchannel.server.common.CorsFilter populateCustomHeaders
WARNING: Invalid $httpHeaders: X-Goog-Api-Client:gl-js/ fire/8.5.0
Content-Type:text/plain
X-Firebase-GMPID:1:679086319915:web:7af5848c2c05569f90fd6e
Authorization:Bearer eyJhbGciOiJub25lIiwidHlwIjoiSldUIn0.eyJuYW1lIjoibmVtbyIsImVtYWlsIjoibmVtb2FobWVkQGhvdG1haWwuY28udWsiLCJlbWFpbF92ZXJpZmllZCI6ZmFsc2UsImF1dGhfdGltZSI6MTYyMDM4NzkxNywidXNlcl9pZCI6IlhNOVQ1b1Z0emYwWURDQmJRTlBXbGJCVGJOa2ciLCJmaXJlYmFzZSI6eyJpZGVudGl0aWVzIjp7ImVtYWlsIjpbIm5lbW9haG1lZEBob3RtYWlsLmNvLnVrIl19LCJzaWduX2luX3Byb3ZpZGVyIjoicGFzc3dvcmQifSwiaWF0IjoxNjIwMzg3OTE3LCJleHAiOjE2MjAzOTE1MTcsImF1ZCI6ImdyZWVyLWMtbSIsImlzcyI6Imh0dHBzOi8vc2VjdXJldG9rZW4uZ29vZ2xlLmNvbS9ncmVlci1jLW0iLCJzdWIiOiJYTTlUNW9WdHpmMFlEQ0JiUU5QV2xiQlRiTmtnIn0.

May 07, 2021 2:45:20 PM io.gapi.emulators.netty.HttpVersionRoutingHandler channelRead
INFO: Detected non-HTTP/2 connection.
May 07, 2021 2:45:20 PM io.gapi.emulators.netty.HttpVersionRoutingHandler channelRead
INFO: Detected non-HTTP/2 connection.
May 07, 2021 2:45:20 PM io.gapi.emulators.netty.HttpVersionRoutingHandler channelRead
INFO: Detected non-HTTP/2 connection.
May 07, 2021 2:45:20 PM io.gapi.emulators.netty.HttpVersionRoutingHandler channelRead
INFO: Detected non-HTTP/2 connection.
May 07, 2021 2:46:20 PM io.gapi.emulators.netty.HttpVersionRoutingHandler channelRead
INFO: Detected non-HTTP/2 connection.
May 07, 2021 2:46:21 PM io.gapi.emulators.netty.HttpVersionRoutingHandler channelRead
INFO: Detected non-HTTP/2 connection.
May 07, 2021 2:46:21 PM com.google.cloud.datastore.emulator.firestore.webchannel.FirestoreV1WebChannelAdapter$FirestoreListenHandler onClose
INFO: channel closed
May 07, 2021 2:48:10 PM io.gapi.emulators.netty.HttpVersionRoutingHandler channelRead
INFO: Detected non-HTTP/2 connection.
May 07, 2021 2:48:10 PM com.google.net.webchannel.server.common.CorsFilter populateCustomHeaders
WARNING: Invalid $httpHeaders: X-Goog-Api-Client:gl-js/ fire/8.5.0
Content-Type:text/plain
X-Firebase-GMPID:1:679086319915:web:7af5848c2c05569f90fd6e
Authorization:Bearer eyJhbGciOiJub25lIiwidHlwIjoiSldUIn0.eyJuYW1lIjoibmVtbyIsImVtYWlsIjoibmVtb2FobWVkQGhvdG1haWwuY28udWsiLCJlbWFpbF92ZXJpZmllZCI6ZmFsc2UsImF1dGhfdGltZSI6MTYyMDM4NzkxNywidXNlcl9pZCI6IlhNOVQ1b1Z0emYwWURDQmJRTlBXbGJCVGJOa2ciLCJmaXJlYmFzZSI6eyJpZGVudGl0aWVzIjp7ImVtYWlsIjpbIm5lbW9haG1lZEBob3RtYWlsLmNvLnVrIl19LCJzaWduX2luX3Byb3ZpZGVyIjoicGFzc3dvcmQifSwiaWF0IjoxNjIwMzg3OTE3LCJleHAiOjE2MjAzOTE1MTcsImF1ZCI6ImdyZWVyLWMtbSIsImlzcyI6Imh0dHBzOi8vc2VjdXJldG9rZW4uZ29vZ2xlLmNvbS9ncmVlci1jLW0iLCJzdWIiOiJYTTlUNW9WdHpmMFlEQ0JiUU5QV2xiQlRiTmtnIn0.

May 07, 2021 2:48:10 PM io.gapi.emulators.netty.HttpVersionRoutingHandler channelRead
INFO: Detected non-HTTP/2 connection.
May 07, 2021 2:48:11 PM io.gapi.emulators.netty.HttpVersionRoutingHandler channelRead
INFO: Detected non-HTTP/2 connection.
May 07, 2021 2:48:27 PM io.gapi.emulators.netty.HttpVersionRoutingHandler channelRead
INFO: Detected non-HTTP/2 connection.
May 07, 2021 2:48:27 PM io.gapi.emulators.netty.HttpVersionRoutingHandler channelRead
INFO: Detected non-HTTP/2 connection.
May 07, 2021 2:48:57 PM io.gapi.emulators.netty.HttpVersionRoutingHandler channelRead
INFO: Detected non-HTTP/2 connection.
May 07, 2021 2:49:27 PM io.gapi.emulators.netty.HttpVersionRoutingHandler channelRead
INFO: Detected non-HTTP/2 connection.
May 07, 2021 2:49:27 PM com.google.cloud.datastore.emulator.firestore.webchannel.FirestoreV1WebChannelAdapter$FirestoreListenHandler onClose
INFO: channel closed
May 07, 2021 2:50:34 PM io.gapi.emulators.netty.HttpVersionRoutingHandler channelRead
INFO: Detected non-HTTP/2 connection.
May 07, 2021 2:50:34 PM com.google.net.webchannel.server.common.CorsFilter populateCustomHeaders
WARNING: Invalid $httpHeaders: X-Goog-Api-Client:gl-js/ fire/8.5.0
Content-Type:text/plain
X-Firebase-GMPID:1:679086319915:web:7af5848c2c05569f90fd6e
Authorization:Bearer eyJhbGciOiJub25lIiwidHlwIjoiSldUIn0.eyJuYW1lIjoibmVtbyIsImVtYWlsIjoibmVtb2FobWVkQGhvdG1haWwuY28udWsiLCJlbWFpbF92ZXJpZmllZCI6ZmFsc2UsImF1dGhfdGltZSI6MTYyMDM4NzkxNywidXNlcl9pZCI6IlhNOVQ1b1Z0emYwWURDQmJRTlBXbGJCVGJOa2ciLCJmaXJlYmFzZSI6eyJpZGVudGl0aWVzIjp7ImVtYWlsIjpbIm5lbW9haG1lZEBob3RtYWlsLmNvLnVrIl19LCJzaWduX2luX3Byb3ZpZGVyIjoicGFzc3dvcmQifSwiaWF0IjoxNjIwMzg3OTE3LCJleHAiOjE2MjAzOTE1MTcsImF1ZCI6ImdyZWVyLWMtbSIsImlzcyI6Imh0dHBzOi8vc2VjdXJldG9rZW4uZ29vZ2xlLmNvbS9ncmVlci1jLW0iLCJzdWIiOiJYTTlUNW9WdHpmMFlEQ0JiUU5QV2xiQlRiTmtnIn0.

May 07, 2021 2:50:34 PM io.gapi.emulators.netty.HttpVersionRoutingHandler channelRead
INFO: Detected non-HTTP/2 connection.
May 07, 2021 2:50:34 PM io.gapi.emulators.netty.HttpVersionRoutingHandler channelRead
INFO: Detected non-HTTP/2 connection.
May 07, 2021 2:51:35 PM io.gapi.emulators.netty.HttpVersionRoutingHandler channelRead
INFO: Detected non-HTTP/2 connection.
May 07, 2021 2:51:35 PM com.google.cloud.datastore.emulator.firestore.webchannel.FirestoreV1WebChannelAdapter$FirestoreListenHandler onClose
INFO: channel closed
May 07, 2021 2:56:42 PM io.gapi.emulators.netty.HttpVersionRoutingHandler channelRead
INFO: Detected non-HTTP/2 connection.
May 07, 2021 2:56:42 PM com.google.net.webchannel.server.common.CorsFilter populateCustomHeaders
WARNING: Invalid $httpHeaders: X-Goog-Api-Client:gl-js/ fire/8.5.0
Content-Type:text/plain
X-Firebase-GMPID:1:679086319915:web:7af5848c2c05569f90fd6e
Authorization:Bearer eyJhbGciOiJub25lIiwidHlwIjoiSldUIn0.eyJuYW1lIjoibmVtbyIsImVtYWlsIjoibmVtb2FobWVkQGhvdG1haWwuY28udWsiLCJlbWFpbF92ZXJpZmllZCI6ZmFsc2UsImF1dGhfdGltZSI6MTYyMDM4NzkxNywidXNlcl9pZCI6IlhNOVQ1b1Z0emYwWURDQmJRTlBXbGJCVGJOa2ciLCJmaXJlYmFzZSI6eyJpZGVudGl0aWVzIjp7ImVtYWlsIjpbIm5lbW9haG1lZEBob3RtYWlsLmNvLnVrIl19LCJzaWduX2luX3Byb3ZpZGVyIjoicGFzc3dvcmQifSwiaWF0IjoxNjIwMzg3OTE3LCJleHAiOjE2MjAzOTE1MTcsImF1ZCI6ImdyZWVyLWMtbSIsImlzcyI6Imh0dHBzOi8vc2VjdXJldG9rZW4uZ29vZ2xlLmNvbS9ncmVlci1jLW0iLCJzdWIiOiJYTTlUNW9WdHpmMFlEQ0JiUU5QV2xiQlRiTmtnIn0.

May 07, 2021 2:56:42 PM io.gapi.emulators.netty.HttpVersionRoutingHandler channelRead
INFO: Detected non-HTTP/2 connection.
May 07, 2021 2:56:43 PM io.gapi.emulators.netty.HttpVersionRoutingHandler channelRead
INFO: Detected non-HTTP/2 connection.
May 07, 2021 2:56:52 PM io.gapi.emulators.netty.HttpVersionRoutingHandler channelRead
INFO: Detected non-HTTP/2 connection.
May 07, 2021 2:56:52 PM io.gapi.emulators.netty.HttpVersionRoutingHandler channelRead
INFO: Detected non-HTTP/2 connection.
May 07, 2021 2:57:39 PM io.gapi.emulators.netty.HttpVersionRoutingHandler channelRead
INFO: Detected non-HTTP/2 connection.
May 07, 2021 2:57:53 PM io.gapi.emulators.netty.HttpVersionRoutingHandler channelRead
INFO: Detected non-HTTP/2 connection.
May 07, 2021 2:57:53 PM com.google.cloud.datastore.emulator.firestore.webchannel.FirestoreV1WebChannelAdapter$FirestoreListenHandler onClose
INFO: channel closed
May 07, 2021 3:39:04 PM io.gapi.emulators.netty.HttpVersionRoutingHandler channelRead
INFO: Detected non-HTTP/2 connection.
May 07, 2021 3:39:04 PM com.google.net.webchannel.server.common.CorsFilter populateCustomHeaders
WARNING: Invalid $httpHeaders: X-Goog-Api-Client:gl-js/ fire/8.5.0
Content-Type:text/plain
X-Firebase-GMPID:1:679086319915:web:7af5848c2c05569f90fd6e
Authorization:Bearer eyJhbGciOiJub25lIiwidHlwIjoiSldUIn0.eyJuYW1lIjoibmVtbyIsImVtYWlsIjoibmVtb2FobWVkQGhvdG1haWwuY28udWsiLCJlbWFpbF92ZXJpZmllZCI6ZmFsc2UsImF1dGhfdGltZSI6MTYyMDM4NzkxNywidXNlcl9pZCI6IlhNOVQ1b1Z0emYwWURDQmJRTlBXbGJCVGJOa2ciLCJmaXJlYmFzZSI6eyJpZGVudGl0aWVzIjp7ImVtYWlsIjpbIm5lbW9haG1lZEBob3RtYWlsLmNvLnVrIl19LCJzaWduX2luX3Byb3ZpZGVyIjoicGFzc3dvcmQifSwiaWF0IjoxNjIwMzg3OTE3LCJleHAiOjE2MjAzOTE1MTcsImF1ZCI6ImdyZWVyLWMtbSIsImlzcyI6Imh0dHBzOi8vc2VjdXJldG9rZW4uZ29vZ2xlLmNvbS9ncmVlci1jLW0iLCJzdWIiOiJYTTlUNW9WdHpmMFlEQ0JiUU5QV2xiQlRiTmtnIn0.

May 07, 2021 3:39:04 PM io.gapi.emulators.netty.HttpVersionRoutingHandler channelRead
INFO: Detected non-HTTP/2 connection.
May 07, 2021 3:39:05 PM io.gapi.emulators.netty.HttpVersionRoutingHandler channelRead
INFO: Detected non-HTTP/2 connection.
May 07, 2021 3:40:06 PM io.gapi.emulators.netty.HttpVersionRoutingHandler channelRead
INFO: Detected non-HTTP/2 connection.
May 07, 2021 3:40:06 PM com.google.cloud.datastore.emulator.firestore.webchannel.FirestoreV1WebChannelAdapter$FirestoreListenHandler onClose
INFO: channel closed
